<?xml version="1.0" encoding="UTF-8"?>
<!-- Generated by org.testng.reporters.JUnitReportReporter -->
<testsuite hostname="DESKTOP-ULR8FLU" failures="0" tests="5" name="testRunner.TestNgRunner" time="6.160" errors="5" timestamp="2023-11-21T00:11:04 IST" skipped="0">
  <testcase classname="testRunner.TestNgRunner" name="runScenario" time="0.875">
    <error type="java.lang.NullPointerException">
      <![CDATA[java.lang.NullPointerException
at QA.DriverFactory.DriverFactory.initializeBrowser(DriverFactory.java:32)
at hooks.MyHooks.setup(MyHooks.java:23)
]]>
    </error>
  </testcase> <!-- runScenario -->
  <system-out/>
  <testcase classname="testRunner.TestNgRunner" name="runScenario" time="0.854">
    <error type="java.lang.NullPointerException">
      <![CDATA[java.lang.NullPointerException
at QA.DriverFactory.DriverFactory.initializeBrowser(DriverFactory.java:32)
at hooks.MyHooks.setup(MyHooks.java:23)
]]>
    </error>
  </testcase> <!-- runScenario -->
  <system-out/>
  <testcase classname="testRunner.TestNgRunner" name="runScenario" time="0.857">
    <error type="java.lang.NullPointerException">
      <![CDATA[java.lang.NullPointerException
at QA.DriverFactory.DriverFactory.initializeBrowser(DriverFactory.java:32)
at hooks.MyHooks.setup(MyHooks.java:23)
]]>
    </error>
  </testcase> <!-- runScenario -->
  <system-out/>
  <testcase classname="testRunner.TestNgRunner" name="runScenario" time="2.752">
    <error type="java.lang.NullPointerException">
      <![CDATA[java.lang.NullPointerException
at QA.DriverFactory.DriverFactory.initializeBrowser(DriverFactory.java:32)
at hooks.MyHooks.setup(MyHooks.java:23)
]]>
    </error>
  </testcase> <!-- runScenario -->
  <system-out/>
  <testcase classname="testRunner.TestNgRunner" name="runScenario" time="0.822">
    <error type="java.lang.NullPointerException">
      <![CDATA[java.lang.NullPointerException
at QA.DriverFactory.DriverFactory.initializeBrowser(DriverFactory.java:32)
at hooks.MyHooks.setup(MyHooks.java:23)
]]>
    </error>
  </testcase> <!-- runScenario -->
  <system-out/>
</testsuite> <!-- testRunner.TestNgRunner -->
